<?xml version="1.0" encoding="utf-8"?><testsuites name="pytest tests"><testsuite name="pytest" errors="0" failures="0" skipped="0" tests="11" time="2.309" timestamp="2026-02-04T04:05:55.372236+00:00" hostname="agent-env-c6b008dd-6064-4ebb-86ef-89f274076760"><testcase classname="tests.test_invoice_gst_calculation.TestAuth" name="test_admin_login" time="0.311" /><testcase classname="tests.test_invoice_gst_calculation.TestInvoiceGSTCalculation" name="test_create_invoice_with_18_percent_gst" time="0.309" /><testcase classname="tests.test_invoice_gst_calculation.TestInvoiceGSTCalculation" name="test_create_invoice_with_5_percent_gst" time="0.346" /><testcase classname="tests.test_invoice_gst_calculation.TestInvoiceGSTCalculation" name="test_create_invoice_with_12_percent_gst" time="0.349" /><testcase classname="tests.test_invoice_gst_calculation.TestInvoiceGSTCalculation" name="test_create_invoice_with_28_percent_gst" time="0.308" /><testcase classname="tests.test_invoice_gst_calculation.TestInvoiceGSTCalculation" name="test_create_invoice_with_0_percent_gst" time="0.314" /><testcase classname="tests.test_invoice_gst_calculation.TestInvoiceGSTCalculation" name="test_get_invoices_list" time="0.306" /><testcase classname="tests.test_invoice_gst_calculation.TestGSTCalculationFormula" name="test_18_percent_gst_formula" time="0.000" /><testcase classname="tests.test_invoice_gst_calculation.TestGSTCalculationFormula" name="test_5_percent_gst_formula" time="0.000" /><testcase classname="tests.test_invoice_gst_calculation.TestGSTCalculationFormula" name="test_12_percent_gst_formula" time="0.000" /><testcase classname="tests.test_invoice_gst_calculation.TestGSTCalculationFormula" name="test_28_percent_gst_formula" time="0.000" /></testsuite></testsuites>