<?xml version="1.0" encoding="utf-8"?><testsuites name="pytest tests"><testsuite name="pytest" errors="0" failures="0" skipped="0" tests="7" time="1.997" timestamp="2026-02-04T03:31:53.233349+00:00" hostname="agent-env-c6b008dd-6064-4ebb-86ef-89f274076760"><testcase classname="backend.tests.test_payments_logistics_features.TestAuth" name="test_admin_login" time="0.330" /><testcase classname="backend.tests.test_payments_logistics_features.TestExternalPaymentWithPhone" name="test_external_payment_api_accepts_payee_phone" time="0.415" /><testcase classname="backend.tests.test_payments_logistics_features.TestExternalPaymentWithPhone" name="test_external_payment_vendor_no_phone" time="0.042" /><testcase classname="backend.tests.test_payments_logistics_features.TestExternalPaymentWithPhone" name="test_payments_list_includes_phone" time="0.042" /><testcase classname="backend.tests.test_payments_logistics_features.TestLogisticsDefaultStatus" name="test_new_shipment_has_in_transit_status" time="0.387" /><testcase classname="backend.tests.test_payments_logistics_features.TestLogisticsDefaultStatus" name="test_shipment_status_update_options" time="0.198" /><testcase classname="backend.tests.test_payments_logistics_features.TestPaymentsSummary" name="test_payment_summary_endpoint" time="0.385" /></testsuite></testsuites>